c:\github\cs3113\project_template\windows\nyucodebase\nyucodebase\debug\vc120.pdb
c:\github\cs3113\project_template\windows\nyucodebase\nyucodebase\debug\vc120.idb
c:\github\cs3113\project_template\windows\nyucodebase\nyucodebase\debug\main.obj
c:\github\cs3113\project_template\windows\nyucodebase\nyucodebase\debug\matrix.obj
c:\github\cs3113\project_template\windows\nyucodebase\nyucodebase\debug\shaderprogram.obj
c:\github\williamhe\cs3113_hw\hw1\windows\nyucodebase\nyucodebase\debug\vc120.pdb
c:\github\williamhe\cs3113_hw\hw1\windows\nyucodebase\nyucodebase\debug\vc120.idb
c:\github\williamhe\cs3113_hw\hw1\windows\nyucodebase\nyucodebase\debug\main.obj
c:\github\williamhe\cs3113_hw\hw1\windows\nyucodebase\nyucodebase\debug\matrix.obj
c:\github\williamhe\cs3113_hw\hw1\windows\nyucodebase\nyucodebase\debug\shaderprogram.obj
c:\github\williamhe\cs3113_hw\hw2\windows\nyucodebase\nyucodebase\debug\vc120.pdb
c:\github\williamhe\cs3113_hw\hw2\windows\nyucodebase\nyucodebase\debug\vc120.idb
c:\github\williamhe\cs3113_hw\hw2\windows\nyucodebase\nyucodebase\debug\matrix.obj
c:\github\williamhe\cs3113_hw\hw2\windows\nyucodebase\nyucodebase\debug\shaderprogram.obj
c:\github\williamhe\cs3113_hw\hw2\windows\nyucodebase\nyucodebase\debug\main.obj
c:\github\cs3113\project_template\windows\nyucodebase\debug\nyucodebase.ilk
c:\github\cs3113\project_template\windows\nyucodebase\debug\nyucodebase.exe
c:\github\cs3113\project_template\windows\nyucodebase\debug\nyucodebase.pdb
c:\github\williamhe\cs3113_hw\hw1\windows\nyucodebase\debug\nyucodebase.ilk
c:\github\williamhe\cs3113_hw\hw1\windows\nyucodebase\debug\nyucodebase.exe
c:\github\williamhe\cs3113_hw\hw1\windows\nyucodebase\debug\nyucodebase.pdb
c:\github\williamhe\cs3113_hw\hw2\windows\nyucodebase\debug\nyucodebase.ilk
c:\github\williamhe\cs3113_hw\hw2\windows\nyucodebase\debug\nyucodebase.exe
c:\github\williamhe\cs3113_hw\hw2\windows\nyucodebase\debug\nyucodebase.pdb
c:\github\williamhe\cs3113_hw\hw2\windows\nyucodebase\nyucodebase\debug\nyucodebase.tlog\cl.command.1.tlog
c:\github\williamhe\cs3113_hw\hw2\windows\nyucodebase\nyucodebase\debug\nyucodebase.tlog\cl.read.1.tlog
c:\github\williamhe\cs3113_hw\hw2\windows\nyucodebase\nyucodebase\debug\nyucodebase.tlog\cl.write.1.tlog
c:\github\williamhe\cs3113_hw\hw2\windows\nyucodebase\nyucodebase\debug\nyucodebase.tlog\link.command.1.tlog
c:\github\williamhe\cs3113_hw\hw2\windows\nyucodebase\nyucodebase\debug\nyucodebase.tlog\link.read.1.tlog
c:\github\williamhe\cs3113_hw\hw2\windows\nyucodebase\nyucodebase\debug\nyucodebase.tlog\link.write.1.tlog
