Build started 3/4/2016 6:44:29 PM.
     1>Project "C:\Users\the\Desktop\HW3\Windows\NYUCodebase\NYUCodebase\NYUCodebase.vcxproj" on node 2 (Build target(s)).
     1>ClCompile:
         C:\Program Files (x86)\Microsoft Visual Studio 12.0\VC\bin\CL.exe /c /IC:\SDL2\include /IC:\SDL2_image\include /IC:\glew\include /IC:\SDL2_mixer\include /ZI /nologo /W3 /WX- /sdl /Od /Oy- /D _WINDOWS /D _MBCS /D _MBCS /Gm /EHsc /RTC1 /MDd /GS /fp:precise /Zc:wchar_t /Zc:forScope /Fo"Debug\\" /Fd"Debug\vc120.pdb" /Gd /TP /analyze- /errorReport:prompt Bullet.cpp Entity.cpp main.cpp Matrix.cpp ShaderProgram.cpp SpriteSheet.cpp
         SpriteSheet.cpp
         ShaderProgram.cpp
         Matrix.cpp
     1>c:\users\the\desktop\hw3\windows\nyucodebase\nyucodebase\matrix.cpp(213): warning C4244: 'argument' : conversion from 'double' to 'float', possible loss of data
     1>c:\users\the\desktop\hw3\windows\nyucodebase\nyucodebase\matrix.cpp(214): warning C4244: 'argument' : conversion from 'double' to 'float', possible loss of data
         main.cpp
     1>c:\users\the\desktop\hw3\windows\nyucodebase\nyucodebase\main.cpp(98): warning C4018: '<' : signed/unsigned mismatch
     1>c:\users\the\desktop\hw3\windows\nyucodebase\nyucodebase\main.cpp(144): warning C4305: 'argument' : truncation from 'double' to 'float'
         Entity.cpp
     1>c:\users\the\desktop\hw3\windows\nyucodebase\nyucodebase\entity.cpp(26): warning C4244: 'initializing' : conversion from 'double' to 'float', possible loss of data
     1>c:\users\the\desktop\hw3\windows\nyucodebase\nyucodebase\entity.cpp(27): warning C4244: 'initializing' : conversion from 'double' to 'float', possible loss of data
         Bullet.cpp
         Generating Code...
       Link:
         C:\Program Files (x86)\Microsoft Visual Studio 12.0\VC\bin\link.exe /ERRORREPORT:PROMPT /OUT:"C:\Users\the\Desktop\HW3\Windows\NYUCodebase\Debug\NYUCodebase.exe" /INCREMENTAL /NOLOGO /LIBPATH:C:\SDL2_mixer\lib\x86 /LIBPATH:C:\SDL2\lib\x86 /LIBPATH:C:\SDL2_image\lib\x86 /LIBPATH:C:\glew\lib\Release\Win32 SDL2.lib SDL2_mixer.lib glew32.lib SDL2main.lib SDL2_image.lib OpenGL32.lib /MANIFEST /MANIFESTUAC:"level='asInvoker' uiAccess='false'" /manifest:embed /DEBUG /PDB:"C:\Users\the\Desktop\HW3\Windows\NYUCodebase\Debug\NYUCodebase.pdb" /SUBSYSTEM:WINDOWS /TLBID:1 /DYNAMICBASE /NXCOMPAT /IMPLIB:"C:\Users\the\Desktop\HW3\Windows\NYUCodebase\Debug\NYUCodebase.lib" /MACHINE:X86 Debug\Bullet.obj
         Debug\Entity.obj
         Debug\main.obj
         Debug\Matrix.obj
         Debug\ShaderProgram.obj
         Debug\SpriteSheet.obj
     1>MSVCRTD.lib(cinitexe.obj) : warning LNK4098: defaultlib 'msvcrt.lib' conflicts with use of other libs; use /NODEFAULTLIB:library
         NYUCodebase.vcxproj -> C:\Users\the\Desktop\HW3\Windows\NYUCodebase\Debug\NYUCodebase.exe
     1>Done Building Project "C:\Users\the\Desktop\HW3\Windows\NYUCodebase\NYUCodebase\NYUCodebase.vcxproj" (Build target(s)).

Build succeeded.

Time Elapsed 00:00:13.56
