c:\github\williamhe\cs3113_hw\hw2\windows\nyucodebase\nyucodebase\debug\vc120.pdb
c:\github\williamhe\cs3113_hw\hw2\windows\nyucodebase\nyucodebase\debug\vc120.idb
c:\github\williamhe\cs3113_hw\hw2\windows\nyucodebase\nyucodebase\debug\main.obj
c:\github\williamhe\cs3113_hw\hw2\windows\nyucodebase\nyucodebase\debug\matrix.obj
c:\github\williamhe\cs3113_hw\hw2\windows\nyucodebase\nyucodebase\debug\shaderprogram.obj
c:\github\williamhe\cs3113_hw\hw2\windows\nyucodebase\nyucodebase\debug\entity.obj
c:\github\williamhe\cs3113_hw\hw3\windows\nyucodebase\nyucodebase\debug\vc120.pdb
c:\github\williamhe\cs3113_hw\hw3\windows\nyucodebase\nyucodebase\debug\vc120.idb
c:\github\williamhe\cs3113_hw\hw3\windows\nyucodebase\nyucodebase\debug\entity.obj
c:\github\williamhe\cs3113_hw\hw3\windows\nyucodebase\nyucodebase\debug\main.obj
c:\github\williamhe\cs3113_hw\hw3\windows\nyucodebase\nyucodebase\debug\matrix.obj
c:\github\williamhe\cs3113_hw\hw3\windows\nyucodebase\nyucodebase\debug\shaderprogram.obj
c:\github\williamhe\cs3113_hw\hw3\windows\nyucodebase\nyucodebase\debug\bullet.obj
c:\github\williamhe\cs3113_hw\hw3\windows\nyucodebase\nyucodebase\debug\spritesheet.obj
c:\github\williamhe\cs3113_hw\hw5\windows\nyucodebase\nyucodebase\debug\vc120.pdb
c:\github\williamhe\cs3113_hw\hw5\windows\nyucodebase\nyucodebase\debug\vc120.idb
c:\github\williamhe\cs3113_hw\hw5\windows\nyucodebase\nyucodebase\debug\entity.obj
c:\github\williamhe\cs3113_hw\hw5\windows\nyucodebase\nyucodebase\debug\main.obj
c:\github\williamhe\cs3113_hw\hw5\windows\nyucodebase\nyucodebase\debug\matrix.obj
c:\github\williamhe\cs3113_hw\hw5\windows\nyucodebase\nyucodebase\debug\shaderprogram.obj
c:\github\williamhe\cs3113_hw\hw5\windows\nyucodebase\nyucodebase\debug\sheetsprite.obj
c:\github\williamhe\cs3113_hw\hw6\windows\nyucodebase\nyucodebase\debug\vc120.pdb
c:\github\williamhe\cs3113_hw\hw6\windows\nyucodebase\nyucodebase\debug\vc120.idb
c:\github\williamhe\cs3113_hw\hw6\windows\nyucodebase\nyucodebase\debug\entity.obj
c:\github\williamhe\cs3113_hw\hw6\windows\nyucodebase\nyucodebase\debug\main.obj
c:\github\williamhe\cs3113_hw\hw6\windows\nyucodebase\nyucodebase\debug\matrix.obj
c:\github\williamhe\cs3113_hw\hw6\windows\nyucodebase\nyucodebase\debug\shaderprogram.obj
c:\github\williamhe\cs3113_hw\hw6\windows\nyucodebase\nyucodebase\debug\sheetsprite.obj
c:\github\williamhe\cs3113_hw\final project\windows\nyucodebase\nyucodebase\debug\vc120.pdb
c:\github\williamhe\cs3113_hw\final project\windows\nyucodebase\nyucodebase\debug\vc120.idb
c:\github\williamhe\cs3113_hw\final project\windows\nyucodebase\nyucodebase\debug\entity.obj
c:\github\williamhe\cs3113_hw\final project\windows\nyucodebase\nyucodebase\debug\main.obj
c:\github\williamhe\cs3113_hw\final project\windows\nyucodebase\nyucodebase\debug\matrix.obj
c:\github\williamhe\cs3113_hw\final project\windows\nyucodebase\nyucodebase\debug\shaderprogram.obj
c:\github\williamhe\cs3113_hw\final project\windows\nyucodebase\nyucodebase\debug\sheetsprite.obj
c:\github\williamhe\cs3113_hw\hw2\windows\nyucodebase\debug\nyucodebase.ilk
c:\github\williamhe\cs3113_hw\hw2\windows\nyucodebase\debug\nyucodebase.exe
c:\github\williamhe\cs3113_hw\hw2\windows\nyucodebase\debug\nyucodebase.pdb
c:\github\williamhe\cs3113_hw\hw3\windows\nyucodebase\debug\nyucodebase.ilk
c:\github\williamhe\cs3113_hw\hw3\windows\nyucodebase\debug\nyucodebase.exe
c:\github\williamhe\cs3113_hw\hw3\windows\nyucodebase\debug\nyucodebase.pdb
c:\github\williamhe\cs3113_hw\hw5\windows\nyucodebase\debug\nyucodebase.ilk
c:\github\williamhe\cs3113_hw\hw5\windows\nyucodebase\debug\nyucodebase.exe
c:\github\williamhe\cs3113_hw\hw5\windows\nyucodebase\debug\nyucodebase.pdb
c:\github\williamhe\cs3113_hw\hw6\windows\nyucodebase\debug\nyucodebase.ilk
c:\github\williamhe\cs3113_hw\hw6\windows\nyucodebase\debug\nyucodebase.exe
c:\github\williamhe\cs3113_hw\hw6\windows\nyucodebase\debug\nyucodebase.pdb
c:\github\williamhe\cs3113_hw\final project\windows\nyucodebase\debug\nyucodebase.ilk
c:\github\williamhe\cs3113_hw\final project\windows\nyucodebase\debug\nyucodebase.exe
c:\github\williamhe\cs3113_hw\final project\windows\nyucodebase\debug\nyucodebase.pdb
c:\github\williamhe\cs3113_hw\final project\windows\nyucodebase\nyucodebase\debug\spritesheet.obj
c:\github\williamhe\cs3113_hw\final project\windows\nyucodebase\nyucodebase\debug\nyucodebase.tlog\cl.command.1.tlog
c:\github\williamhe\cs3113_hw\final project\windows\nyucodebase\nyucodebase\debug\nyucodebase.tlog\cl.read.1.tlog
c:\github\williamhe\cs3113_hw\final project\windows\nyucodebase\nyucodebase\debug\nyucodebase.tlog\cl.write.1.tlog
c:\github\williamhe\cs3113_hw\final project\windows\nyucodebase\nyucodebase\debug\nyucodebase.tlog\link.command.1.tlog
c:\github\williamhe\cs3113_hw\final project\windows\nyucodebase\nyucodebase\debug\nyucodebase.tlog\link.read.1.tlog
c:\github\williamhe\cs3113_hw\final project\windows\nyucodebase\nyucodebase\debug\nyucodebase.tlog\link.write.1.tlog
